<?xml version="1.0" encoding="UTF-8"?>
<!-- Generated by org.testng.reporters.JUnitXMLReporter -->
<testsuite hostname="DESKTOP-2C5L1AE" ignored="0" name="Default test" tests="5" failures="0" timestamp="2020-09-06T13:32:00 BRT" time="0.47" errors="0">
  <testcase name="@BeforeMethod start" time="0.024" classname="common.BaseTest">
    <failure type="java.lang.NumberFormatException" message="For input string: &amp;quot;30000;&amp;quot;">
      <![CDATA[java.lang.NumberFormatException: For input string: "30000;"
at java.lang.NumberFormatException.forInputString(Unknown Source)
at java.lang.Long.parseLong(Unknown Source)
at java.lang.Long.parseLong(Unknown Source)
at common.BaseTest.start(BaseTest.java:41)
at sun.reflect.NativeMethodAccessorImpl.invoke0(Native Method)
at sun.reflect.NativeMethodAccessorImpl.invoke(Unknown Source)
at sun.reflect.DelegatingMethodAccessorImpl.invoke(Unknown Source)
at java.lang.reflect.Method.invoke(Unknown Source)
at org.testng.internal.MethodInvocationHelper.invokeMethod(MethodInvocationHelper.java:132)
at org.testng.internal.MethodInvocationHelper.invokeMethodConsideringTimeout(MethodInvocationHelper.java:61)
at org.testng.internal.ConfigInvoker.invokeConfigurationMethod(ConfigInvoker.java:366)
at org.testng.internal.ConfigInvoker.invokeConfigurations(ConfigInvoker.java:320)
at org.testng.internal.TestInvoker.runConfigMethods(TestInvoker.java:701)
at org.testng.internal.TestInvoker.invokeMethod(TestInvoker.java:527)
at org.testng.internal.TestInvoker.invokeTestMethod(TestInvoker.java:174)
at org.testng.internal.MethodRunner.runInSequence(MethodRunner.java:46)
at org.testng.internal.TestInvoker$MethodInvocationAgent.invoke(TestInvoker.java:822)
at org.testng.internal.TestInvoker.invokeTestMethods(TestInvoker.java:147)
at org.testng.internal.TestMethodWorker.invokeTestMethods(TestMethodWorker.java:146)
at org.testng.internal.TestMethodWorker.run(TestMethodWorker.java:128)
at java.util.ArrayList.forEach(Unknown Source)
at org.testng.TestRunner.privateRun(TestRunner.java:764)
at org.testng.TestRunner.run(TestRunner.java:585)
at org.testng.SuiteRunner.runTest(SuiteRunner.java:384)
at org.testng.SuiteRunner.runSequentially(SuiteRunner.java:378)
at org.testng.SuiteRunner.privateRun(SuiteRunner.java:337)
at org.testng.SuiteRunner.run(SuiteRunner.java:286)
at org.testng.SuiteRunnerWorker.runSuite(SuiteRunnerWorker.java:53)
at org.testng.SuiteRunnerWorker.run(SuiteRunnerWorker.java:96)
at org.testng.TestNG.runSuitesSequentially(TestNG.java:1218)
at org.testng.TestNG.runSuitesLocally(TestNG.java:1140)
at org.testng.TestNG.runSuites(TestNG.java:1069)
at org.testng.TestNG.run(TestNG.java:1037)
at org.testng.remote.AbstractRemoteTestNG.run(AbstractRemoteTestNG.java:115)
at org.testng.remote.RemoteTestNG.initAndRun(RemoteTestNG.java:251)
at org.testng.remote.RemoteTestNG.main(RemoteTestNG.java:77)
]]>
    </failure>
  </testcase> <!-- @BeforeMethod start -->
  <testcase name="@AfterMethod cleanup" time="-1.599409920297E9" classname="tests.LoginTests">
    <skipped/>
  </testcase> <!-- @AfterMethod cleanup -->
  <testcase name="@AfterMethod finish" time="-1.599409920301E9" classname="common.BaseTest">
    <skipped/>
  </testcase> <!-- @AfterMethod finish -->
  <testcase name="@BeforeMethod start" time="-1.599409920311E9" classname="common.BaseTest">
    <skipped/>
  </testcase> <!-- @BeforeMethod start -->
  <testcase name="@AfterMethod cleanup" time="-1.599409920345E9" classname="tests.LoginTests">
    <skipped/>
  </testcase> <!-- @AfterMethod cleanup -->
  <testcase name="@AfterMethod finish" time="-1.599409920348E9" classname="common.BaseTest">
    <skipped/>
  </testcase> <!-- @AfterMethod finish -->
  <testcase name="@BeforeMethod start" time="-1.599409920353E9" classname="common.BaseTest">
    <skipped/>
  </testcase> <!-- @BeforeMethod start -->
  <testcase name="@AfterMethod cleanup" time="-1.599409920365E9" classname="tests.LoginTests">
    <skipped/>
  </testcase> <!-- @AfterMethod cleanup -->
  <testcase name="@AfterMethod finish" time="-1.599409920368E9" classname="common.BaseTest">
    <skipped/>
  </testcase> <!-- @AfterMethod finish -->
  <testcase name="@BeforeMethod start" time="-1.599409920372E9" classname="common.BaseTest">
    <skipped/>
  </testcase> <!-- @BeforeMethod start -->
  <testcase name="@AfterMethod cleanup" time="-1.599409920403E9" classname="tests.LoginTests">
    <skipped/>
  </testcase> <!-- @AfterMethod cleanup -->
  <testcase name="@AfterMethod finish" time="-1.599409920411E9" classname="common.BaseTest">
    <skipped/>
  </testcase> <!-- @AfterMethod finish -->
  <testcase name="@BeforeMethod start" time="-1.599409920416E9" classname="common.BaseTest">
    <skipped/>
  </testcase> <!-- @BeforeMethod start -->
  <testcase name="@AfterMethod cleanup" time="-1.599409920438E9" classname="tests.LoginTests">
    <skipped/>
  </testcase> <!-- @AfterMethod cleanup -->
  <testcase name="@AfterMethod finish" time="-1.599409920444E9" classname="common.BaseTest">
    <skipped/>
  </testcase> <!-- @AfterMethod finish -->
  <testcase name="shouldSeeLoggedUser" time="0.0" classname="tests.LoginTests">
    <skipped/>
  </testcase> <!-- shouldSeeLoggedUser -->
  <testcase name="shouldSeeLoginAlerts" time="0.0" classname="tests.LoginTests">
    <skipped/>
  </testcase> <!-- shouldSeeLoginAlerts -->
  <testcase name="shouldSeeLoginAlerts" time="0.0" classname="tests.LoginTests">
    <skipped/>
  </testcase> <!-- shouldSeeLoginAlerts -->
  <testcase name="shouldSeeLoginAlerts" time="0.0" classname="tests.LoginTests">
    <skipped/>
  </testcase> <!-- shouldSeeLoginAlerts -->
  <testcase name="shouldSeeLoginAlerts" time="0.0" classname="tests.LoginTests">
    <skipped/>
  </testcase> <!-- shouldSeeLoginAlerts -->
</testsuite> <!-- Default test -->
